2024-11-08T19:35:14Z, success, 3.1415926535897
2024-11-09T19:35:14Z, success, 3.1415926535897
2024-11-10T19:35:14Z, success, 3.1415926535897
2024-11-11T19:35:14Z, success, 3.1415926535897
2024-11-12T19:35:14Z, success, 3.1415926535897
2024-11-13T19:35:14Z, success, 3.1415926535897
2024-11-14T19:35:14Z, success, 3.1415926535897
2024-11-15T19:35:14Z, success, 3.1415926535897
2024-11-16T19:35:14Z, success, 3.1415926535897
2024-11-17T19:35:14Z, success, 3.1415926535897
2024-11-18T19:35:14Z, success, 3.1415926535897
2024-11-19T19:35:14Z, success, 3.1415926535897
2024-11-20T19:35:14Z, success, 3.1415926535897
2024-11-21T19:35:14Z, success, 3.1415926535897
2024-11-22T19:35:14Z, success, 3.1415926535897
2024-11-23T19:35:14Z, success, 3.1415926535897
2024-11-24T19:35:14Z, success, 3.1415926535897
2024-11-25T19:35:14Z, success, 3.1415926535897
2024-11-26T19:35:14Z, success, 3.1415926535897
2024-11-27T19:35:14Z, success, 3.1415926535897
2024-11-28T19:35:14Z, success, 3.1415926535897
2024-11-29T19:35:14Z, success, 3.1415926535897
2024-11-30T19:35:14Z, success, 3.1415926535897
2024-12-01T19:35:14Z, success, 3.1415926535897
2024-12-02T19:35:14Z, success, 3.1415926535897
2024-12-03T19:35:14Z, success, 3.1415926535897
2024-12-04T19:35:14Z, success, 3.1415926535897
2024-12-05T19:35:14Z, success, 3.1415926535897
2024-12-06T19:35:14Z, success, 3.1415926535897
2024-12-07T19:35:14Z, success, 3.1415926535897
2024-12-08T19:35:14Z, success, 3.1415926535897
2024-12-09T19:35:14Z, success, 3.1415926535897
2024-12-10T19:35:14Z, success, 3.1415926535897
2024-12-11T19:35:14Z, success, 3.1415926535897
2024-12-12T19:35:14Z, success, 3.1415926535897
2024-12-13T19:35:14Z, success, 3.1415926535897
2024-12-14T19:35:14Z, success, 3.1415926535897
2024-12-15T19:35:14Z, success, 3.1415926535897
2024-12-16T19:35:14Z, success, 3.1415926535897
2024-12-17T19:35:14Z, success, 3.1415926535897
2024-12-18T19:35:14Z, success, 3.1415926535897
2024-12-19T19:35:14Z, success, 3.1415926535897
2024-12-20T19:35:14Z, success, 3.1415926535897
2024-12-21T19:35:14Z, success, 3.1415926535897
2024-12-22T19:35:14Z, success, 3.1415926535897
2024-12-23T19:35:14Z, success, 3.1415926535897
2024-12-24T19:35:14Z, success, 3.1415926535897
2024-12-25T19:35:14Z, failed, 3.1415926535897
2024-12-26T19:35:14Z, failed, 0
2024-12-27T19:35:14Z, failed, 0
2024-12-28T19:35:14Z, failed, 0
2024-12-29T19:35:14Z, failed, 0
2024-12-30T19:35:14Z, failed, 0
2024-12-31T19:35:14Z, failed, 0
2025-01-01T19:35:14Z, failed, 0
2025-01-02T19:35:14Z, failed, 0
2025-01-03T19:35:14Z, failed, 0
2025-01-04T19:35:14Z, failed, 0
2025-01-05T19:35:14Z, failed, 0
2025-01-06T19:35:14Z, success, 3.1415926535897
2025-01-07T19:35:14Z, success, 3.1415926535897
2025-01-08T19:35:14Z, success, 3.1415926535897
2025-01-09T19:35:14Z, success, 3.1415926535897
2025-01-10T19:35:14Z, success, 3.1415926535897
2025-01-11T19:35:14Z, success, 3.1415926535897
2025-01-12T19:35:14Z, success, 3.1415926535897
2025-01-13T19:35:14Z, success, 3.1415926535897
2025-01-14T19:35:14Z, success, 3.1415926535897
2025-01-15T19:35:14Z, success, 3.1415926535897
2025-01-16T19:35:14Z, success, 3.1415926535897
2025-01-17T19:35:14Z, success, 3.1415926535897
2025-01-18T19:35:14Z, success, 3.1415926535897
2025-01-19T19:35:14Z, success, 3.1415926535897
2025-01-20T19:35:14Z, success, 3.1415926535897
2025-01-21T19:35:14Z, success, 3.1415926535897
2025-01-22T19:35:14Z, success, 3.1415926535897
2025-01-23T19:35:14Z, success, 3.1415926535897
2025-01-24T19:35:14Z, success, 3.1415926535897
2025-01-25T19:35:14Z, success, 3.1415926535897
2025-01-26T19:35:14Z, success, 3.1415926535897
2025-01-27T19:35:14Z, success, 3.1415926535897
2025-01-28T19:35:14Z, success, 3.1415926535897
2025-01-29T19:35:14Z, success, 3.1415926535897
2025-01-30T19:35:14Z, success, 3.1415926535897
2025-01-31T19:35:14Z, success, 3.1415926535897
2025-02-01T19:35:14Z, success, 3.1415926535897
2025-02-02T19:35:14Z, success, 3.1415926535897
2025-02-03T19:35:14Z, success, 3.1415926535897
2025-02-04T19:35:14Z, success, 3.1415926535897
2025-02-05T19:35:14Z, success, 3.1415926535897
2025-02-06T19:35:14Z, success, 3.1415926535897
2025-02-07T19:35:14Z, success, 3.1415926535897
2025-02-08T19:35:14Z, success, 3.1415926535897
2025-02-09T19:35:14Z, success, 3.1415926535897
2025-02-08T12:13:03Z, success, 1.0
2025-02-09T00:13:04Z, success, 1.0
2025-02-09T12:13:04Z, success, 1.0
2025-02-10T00:13:03Z, success, 1.0
2025-02-10T12:13:05Z, success, 1.0
2025-02-11T00:13:04Z, success, 1.0
2025-02-11T12:13:04Z, success, 1.0
2025-02-21T00:13:02Z, success, 1.0
2025-02-21T12:13:02Z, success, 1.0
2025-02-22T00:13:03Z, success, 1.0
2025-02-22T12:13:03Z, success, 1.0
2025-02-23T00:13:03Z, success, 1.0
2025-02-23T12:13:03Z, success, 1.0
2025-02-24T00:13:02Z, success, 1.0
2025-02-24T12:13:02Z, success, 1.0
2025-02-25T00:13:04Z, success, 1.0
2025-02-25T12:13:03Z, success, 1.0
2025-02-26T00:13:03Z, success, 1.0
2025-02-26T12:13:02Z, success, 1.0
2025-02-27T00:13:08Z, success, 1.0
2025-02-27T12:13:04Z, success, 1.0
2025-02-28T00:13:04Z, success, 1.0
2025-02-28T12:13:04Z, success, 1.0
2025-03-01T00:13:02Z, success, 1.0
2025-03-01T12:13:02Z, success, 1.0
2025-03-02T00:13:03Z, success, 1.0
2025-03-02T12:13:03Z, success, 1.0
2025-03-03T00:13:03Z, success, 1.0
2025-03-03T12:13:02Z, success, 1.0
2025-03-04T12:13:03Z, success, 1.0
2025-03-05T00:13:02Z, success, 1.0
2025-03-05T12:13:02Z, success, 1.0
2025-03-06T00:13:03Z, success, 1.0
2025-03-07T00:13:03Z, success, 1.0
2025-03-07T12:13:02Z, success, 1.0
2025-03-08T00:13:03Z, success, 1.0
2025-03-08T12:13:03Z, success, 1.0
2025-03-09T00:13:04Z, success, 1.0
2025-03-09T12:13:03Z, success, 1.0
2025-03-10T00:13:03Z, success, 1.0
2025-03-10T12:13:03Z, success, 1.0
2025-03-11T00:13:03Z, success, 1.0
2025-03-11T12:13:03Z, success, 1.0
2025-03-12T00:13:03Z, success, 1.0
2025-03-12T12:13:04Z, success, 1.0
2025-03-13T00:13:03Z, success, 1.0
2025-03-13T12:13:02Z, success, 1.0
2025-03-14T00:13:02Z, success, 1.0
2025-03-14T12:13:03Z, success, 1.0
2025-03-15T00:13:02Z, success, 1.0
2025-03-15T12:13:03Z, success, 1.0
2025-03-16T00:13:03Z, success, 1.0
2025-03-16T12:13:03Z, success, 1.0
2025-03-17T00:13:03Z, success, 1.0
2025-03-17T12:13:02Z, success, 1.0
2025-03-18T00:13:04Z, success, 1.0
2025-03-18T12:13:03Z, success, 1.0
2025-03-19T00:13:03Z, success, 1.0
2025-03-19T12:13:03Z, success, 1.0
2025-03-21T00:13:03Z, success, 1.0
2025-03-21T19:01:07Z, success, 1.0
2025-03-22T00:13:02Z, success, 1.0
2025-03-22T12:13:02Z, success, 1.0
2025-03-23T00:13:03Z, success, 1.0
2025-03-23T12:13:03Z, success, 1.0
2025-03-24T00:13:02Z, success, 1.0
2025-03-24T12:13:02Z, success, 1.0
2025-03-25T00:13:03Z, success, 1.0
2025-03-25T12:13:03Z, success, 1.0
2025-03-26T00:13:04Z, success, 1.0
2025-03-26T12:13:02Z, success, 1.0
2025-03-27T00:13:07Z, success, 1.0
2025-03-27T12:13:03Z, success, 1.0
2025-03-28T00:13:03Z, success, 1.0
2025-03-28T12:13:03Z, success, 1.0
2025-03-29T00:13:08Z, success, 1.0
2025-03-29T12:13:02Z, success, 1.0
2025-03-30T00:13:02Z, success, 1.0
2025-03-30T12:13:03Z, success, 1.0
2025-03-31T00:13:03Z, success, 1.0
2025-03-31T12:13:02Z, success, 1.0
2025-04-01T00:13:03Z, success, 1.0
2025-04-01T12:13:02Z, success, 1.0
2025-04-02T00:13:03Z, success, 1.0
2025-04-02T12:13:07Z, success, 1.0
2025-04-03T00:13:02Z, success, 1.0
2025-04-03T12:13:03Z, success, 1.0
2025-04-04T00:13:03Z, Status.SUCCESS, 1.0
2025-04-04T12:13:03Z, success, 1.0
2025-04-05T00:13:03Z, Status.SUCCESS, 1.0
2025-04-05T12:13:02Z, success, 1.0
2025-04-06T00:13:02Z, success, 1.0
2025-04-06T12:13:02Z, success, 1.0
2025-04-07T00:13:02Z, success, 1.0
2025-04-07T12:13:02Z, success, 1.0
2025-04-08T00:13:02Z, success, 1.0
2025-04-08T12:13:02Z, success, 1.0
2025-04-09T00:13:12Z, success, 1.0
2025-04-09T12:13:10Z, success, 1.0
2025-04-10T00:13:02Z, success, 1.0
2025-04-10T12:13:02Z, success, 1.0
2025-04-11T00:13:02Z, success, 1.0
2025-04-11T12:13:02Z, success, 1.0
2025-04-12T00:13:02Z, success, 1.0
2025-04-12T12:13:02Z, success, 1.0
2025-04-13T00:13:02Z, success, 1.0
2025-04-13T12:13:02Z, success, 1.0
2025-04-14T00:13:02Z, success, 1.0
2025-04-14T12:13:02Z, success, 1.0
2025-04-15T00:13:02Z, success, 1.0
2025-04-15T12:13:02Z, success, 1.0
2025-04-16T00:13:02Z, success, 1.0
2025-04-16T12:13:02Z, success, 1.0
2025-04-17T00:13:02Z, success, 1.0
2025-04-17T12:13:02Z, success, 1.0
2025-04-18T00:13:03Z, success, 1.0
2025-04-18T12:13:02Z, success, 1.0
2025-04-19T00:13:02Z, success, 1.0
2025-04-19T12:13:02Z, success, 1.0
2025-04-20T00:13:02Z, success, 1.0
2025-04-20T12:13:03Z, success, 1.0
2025-04-21T00:13:02Z, success, 1.0
2025-04-21T12:13:02Z, success, 1.0
2025-04-22T00:13:03Z, success, 1.0
2025-04-22T12:13:03Z, success, 1.0
2025-04-23T00:13:02Z, success, 1.0
2025-04-23T12:13:04Z, success, 1.0
2025-04-24T00:13:04Z, success, 1.0
2025-04-24T12:13:03Z, success, 1.0
2025-04-25T00:13:03Z, success, 1.0
2025-04-25T12:13:02Z, success, 1.0
2025-04-26T00:13:02Z, success, 1.0
2025-04-26T12:13:03Z, success, 1.0
2025-04-27T00:13:02Z, success, 1.0
2025-04-27T12:13:02Z, success, 1.0
2025-04-28T00:13:02Z, success, 1.0
2025-04-28T12:13:02Z, success, 1.0
2025-04-29T00:13:02Z, success, 1.0
2025-04-29T12:13:03Z, success, 1.0
2025-04-30T00:13:03Z, success, 1.0
2025-04-30T12:13:03Z, success, 1.0
2025-05-01T00:13:03Z, success, 1.0
2025-05-01T12:13:02Z, success, 1.0
2025-05-02T00:13:03Z, success, 1.0
2025-05-02T12:13:03Z, success, 1.0
2025-05-03T00:13:03Z, success, 1.0
2025-05-03T12:13:03Z, success, 1.0
2025-05-04T00:13:03Z, success, 1.0
2025-05-04T12:13:03Z, success, 1.0
2025-05-05T00:13:02Z, success, 1.0
2025-05-05T12:13:03Z, success, 1.0
2025-05-06T00:13:02Z, success, 1.0
2025-05-06T12:13:02Z, success, 1.0
2025-05-07T00:13:03Z, success, 1.0
2025-05-07T12:13:03Z, success, 1.0
2025-05-08T00:13:04Z, success, 1.0
2025-05-08T12:13:02Z, success, 1.0
2025-05-09T00:13:02Z, success, 1.0
2025-05-09T12:13:02Z, success, 1.0
2025-05-10T00:13:02Z, success, 1.0
2025-05-10T12:13:02Z, success, 1.0
2025-05-11T00:13:05Z, success, 1.0
2025-05-11T12:13:02Z, success, 1.0
2025-05-12T00:13:02Z, success, 1.0
2025-05-12T12:13:02Z, success, 1.0
2025-05-13T00:13:02Z, success, 1.0
2025-05-13T12:13:03Z, success, 1.0
2025-05-14T00:13:04Z, success, 1.0
2025-05-14T12:13:03Z, success, 1.0
2025-05-15T00:13:04Z, success, 1.0
2025-05-15T12:13:05Z, success, 1.0
2025-05-16T00:13:04Z, success, 1.0
2025-05-16T12:13:03Z, success, 1.0
2025-05-17T00:13:03Z, success, 1.0
2025-05-17T12:13:02Z, success, 1.0
2025-05-18T00:13:03Z, success, 1.0
2025-05-18T12:13:02Z, success, 1.0
2025-05-19T00:13:03Z, success, 1.0
2025-05-19T12:13:03Z, success, 1.0
2025-05-20T00:13:03Z, success, 1.0
2025-05-20T12:13:03Z, success, 1.0
2025-05-21T00:13:02Z, success, 1.0
2025-05-21T12:13:02Z, success, 1.0
2025-05-22T00:13:02Z, success, 1.0
2025-05-22T12:13:03Z, success, 1.0
2025-05-23T00:13:03Z, success, 1.0
2025-05-23T12:13:02Z, success, 1.0
2025-05-24T00:13:03Z, success, 1.0
2025-05-24T12:13:03Z, success, 1.0
2025-05-25T00:13:03Z, success, 1.0
2025-05-25T12:13:02Z, success, 1.0
2025-05-26T00:13:03Z, success, 1.0
2025-05-26T12:13:03Z, success, 1.0
2025-05-27T00:13:03Z, success, 1.0
2025-05-27T12:13:02Z, success, 1.0
2025-05-28T00:13:02Z, success, 1.0
2025-05-28T12:13:03Z, success, 1.0
2025-05-29T00:13:03Z, success, 1.0
2025-05-29T12:13:03Z, success, 1.0
2025-05-30T00:13:01Z, failed, None
2025-05-30T00:13:11Z, failed, None
2025-05-30T00:13:32Z, failed, None
2025-05-30T12:13:02Z, success, 1.0
2025-05-31T00:13:03Z, success, 1.0
2025-05-31T01:13:12Z, success, 1.0
2025-05-31T02:13:03Z, success, 1.0
2025-05-31T03:13:02Z, success, 1.0
2025-05-31T04:13:02Z, success, 1.0
2025-05-31T05:13:02Z, success, 1.0
2025-05-31T06:13:02Z, success, 1.0
2025-05-31T07:13:02Z, success, 1.0
2025-05-31T08:13:03Z, success, 1.0
2025-05-31T09:13:03Z, success, 1.0
2025-05-31T10:13:03Z, success, 1.0
2025-05-31T11:13:03Z, success, 1.0
2025-05-31T12:13:02Z, success, 1.0
2025-05-31T13:13:02Z, success, 1.0
2025-05-31T14:13:03Z, success, 1.0
2025-05-31T15:13:03Z, success, 1.0
2025-05-31T16:13:02Z, success, 1.0
2025-05-31T17:13:03Z, success, 1.0
2025-05-31T18:13:03Z, success, 1.0
2025-05-31T19:13:03Z, success, 1.0
2025-05-31T20:13:02Z, success, 1.0
2025-05-31T21:13:02Z, success, 1.0
2025-05-31T22:13:03Z, success, 1.0
2025-05-31T23:13:03Z, success, 1.0
2025-06-01T00:13:03Z, success, 1.0
2025-06-01T01:13:02Z, success, 1.0
2025-06-01T02:13:02Z, success, 1.0
2025-06-01T03:13:03Z, success, 1.0
2025-06-01T04:13:02Z, success, 1.0
2025-06-01T05:13:03Z, success, 1.0
2025-06-01T06:13:02Z, success, 1.0
2025-06-01T07:13:02Z, success, 1.0
2025-06-01T08:13:03Z, success, 1.0
2025-06-01T09:13:03Z, success, 1.0
2025-06-01T10:13:02Z, success, 1.0
2025-06-01T11:13:02Z, success, 1.0
2025-06-01T12:13:03Z, success, 1.0
2025-06-01T13:13:02Z, success, 1.0
2025-06-01T14:13:03Z, success, 1.0
2025-06-01T15:13:03Z, success, 1.0
2025-06-01T16:13:03Z, success, 1.0
2025-06-01T17:13:03Z, success, 1.0
2025-06-01T18:13:02Z, success, 1.0
2025-06-01T19:13:03Z, success, 1.0
2025-06-01T20:13:02Z, success, 1.0
2025-06-01T21:13:03Z, success, 1.0
2025-06-01T22:13:03Z, success, 1.0
2025-06-01T23:13:03Z, success, 1.0
2025-06-02T00:13:03Z, success, 1.0
2025-06-02T01:13:03Z, success, 1.0
2025-06-02T02:13:03Z, success, 1.0
2025-06-02T03:13:03Z, success, 1.0
2025-06-02T04:13:03Z, success, 1.0
2025-06-02T05:13:03Z, success, 1.0
2025-06-02T06:13:03Z, success, 1.0
2025-06-02T07:13:03Z, success, 1.0
2025-06-02T08:13:03Z, success, 1.0
2025-06-02T09:13:03Z, success, 1.0
2025-06-02T10:13:03Z, success, 1.0
2025-06-02T11:13:03Z, success, 1.0
2025-06-02T12:13:03Z, success, 1.0
2025-06-02T13:13:03Z, success, 1.0
2025-06-02T14:13:03Z, success, 1.0
2025-06-02T15:13:03Z, success, 1.0
2025-06-02T18:13:03Z, success, 1.0
2025-06-02T19:13:10Z, success, 1.0
2025-06-02T20:13:03Z, success, 1.0
2025-06-02T21:13:03Z, success, 1.0
2025-06-02T22:13:03Z, success, 1.0
2025-06-02T23:13:02Z, success, 1.0
2025-06-03T00:13:02Z, success, 1.0
2025-06-03T01:13:04Z, success, 1.0
2025-06-03T02:13:03Z, success, 1.0
2025-06-03T03:13:04Z, success, 1.0
2025-06-03T04:13:02Z, success, 1.0
2025-06-03T05:13:03Z, success, 1.0
2025-06-03T06:13:03Z, success, 1.0
2025-06-03T07:13:03Z, success, 1.0
2025-06-03T08:13:03Z, success, 1.0
2025-06-03T09:13:03Z, success, 1.0
2025-06-03T10:13:03Z, success, 1.0
2025-06-03T11:13:03Z, success, 1.0
2025-06-03T12:13:03Z, success, 1.0
2025-06-03T13:13:02Z, success, 1.0
2025-06-03T14:13:02Z, success, 1.0
2025-06-03T15:13:02Z, success, 1.0
2025-06-03T16:13:03Z, success, 1.0
2025-06-03T17:13:04Z, success, 1.0
2025-06-03T18:13:03Z, success, 1.0
2025-06-03T19:13:04Z, success, 1.0
2025-06-03T20:13:03Z, success, 1.0
2025-06-03T21:13:02Z, success, 1.0
2025-06-03T22:13:03Z, success, 1.0
2025-06-03T23:13:04Z, success, 1.0
2025-06-04T00:13:03Z, success, 1.0
2025-06-04T01:13:04Z, success, 1.0
2025-06-04T02:13:03Z, success, 1.0
2025-06-04T03:13:03Z, success, 1.0
2025-06-04T04:13:03Z, success, 1.0
2025-06-04T05:13:03Z, success, 1.0
2025-06-04T06:13:03Z, success, 1.0
2025-06-04T07:13:04Z, success, 1.0
2025-06-04T08:13:03Z, success, 1.0
2025-06-04T09:13:03Z, success, 1.0
2025-06-04T10:13:03Z, success, 1.0
2025-06-04T11:13:04Z, success, 1.0
2025-06-04T12:13:04Z, success, 1.0
2025-06-04T13:13:03Z, success, 1.0
2025-06-04T14:13:03Z, success, 1.0
2025-06-04T15:13:06Z, success, 1.0
2025-06-04T16:13:03Z, success, 1.0
2025-06-04T17:13:03Z, success, 1.0
2025-06-04T18:13:03Z, success, 1.0
2025-06-04T19:13:03Z, success, 1.0
2025-06-04T20:13:04Z, success, 1.0
2025-06-04T21:13:03Z, success, 1.0
2025-06-04T22:13:03Z, success, 1.0
2025-06-04T23:13:03Z, success, 1.0
2025-06-05T00:13:03Z, success, 1.0
2025-06-05T01:13:03Z, success, 1.0
2025-06-05T02:13:04Z, success, 1.0
2025-06-05T03:13:03Z, success, 1.0
2025-06-05T04:13:04Z, success, 1.0
2025-06-05T05:13:03Z, success, 1.0
2025-06-05T06:13:03Z, success, 1.0
2025-06-05T07:13:03Z, success, 1.0
2025-06-05T08:13:03Z, success, 1.0
2025-06-05T09:13:03Z, success, 1.0
2025-06-05T10:13:03Z, success, 1.0
2025-06-05T11:13:06Z, success, 1.0
2025-06-05T12:13:03Z, success, 1.0
2025-06-05T13:13:03Z, success, 1.0
2025-06-05T14:13:06Z, success, 1.0
2025-06-05T15:13:07Z, success, 1.0
2025-06-05T16:13:04Z, success, 1.0
