2024-11-08T19:35:14Z, success, 3.1415926535897
2024-11-09T19:35:14Z, success, 3.1415926535897
2024-11-10T19:35:14Z, success, 3.1415926535897
2024-11-11T19:35:14Z, success, 3.1415926535897
2024-11-12T19:35:14Z, success, 3.1415926535897
2024-11-13T19:35:14Z, success, 3.1415926535897
2024-11-14T19:35:14Z, success, 3.1415926535897
2024-11-15T19:35:14Z, success, 3.1415926535897
2024-11-16T19:35:14Z, success, 3.1415926535897
2024-11-17T19:35:14Z, success, 3.1415926535897
2024-11-18T19:35:14Z, success, 3.1415926535897
2024-11-19T19:35:14Z, success, 3.1415926535897
2024-11-20T19:35:14Z, success, 3.1415926535897
2024-11-21T19:35:14Z, success, 3.1415926535897
2024-11-22T19:35:14Z, success, 3.1415926535897
2024-11-23T19:35:14Z, success, 3.1415926535897
2024-11-24T19:35:14Z, success, 3.1415926535897
2024-11-25T19:35:14Z, success, 3.1415926535897
2024-11-26T19:35:14Z, success, 3.1415926535897
2024-11-27T19:35:14Z, success, 3.1415926535897
2024-11-28T19:35:14Z, success, 3.1415926535897
2024-11-29T19:35:14Z, success, 3.1415926535897
2024-11-30T19:35:14Z, success, 3.1415926535897
2024-12-01T19:35:14Z, success, 3.1415926535897
2024-12-02T19:35:14Z, success, 3.1415926535897
2024-12-03T19:35:14Z, success, 3.1415926535897
2024-12-04T19:35:14Z, success, 3.1415926535897
2024-12-05T19:35:14Z, success, 3.1415926535897
2024-12-06T19:35:14Z, success, 3.1415926535897
2024-12-07T19:35:14Z, success, 3.1415926535897
2024-12-08T19:35:14Z, success, 3.1415926535897
2024-12-09T19:35:14Z, success, 3.1415926535897
2024-12-10T19:35:14Z, success, 3.1415926535897
2024-12-11T19:35:14Z, success, 3.1415926535897
2024-12-12T19:35:14Z, success, 3.1415926535897
2024-12-13T19:35:14Z, success, 3.1415926535897
2024-12-14T19:35:14Z, success, 3.1415926535897
2024-12-15T19:35:14Z, success, 3.1415926535897
2024-12-16T19:35:14Z, success, 3.1415926535897
2024-12-17T19:35:14Z, success, 3.1415926535897
2024-12-18T19:35:14Z, success, 3.1415926535897
2024-12-19T19:35:14Z, success, 3.1415926535897
2024-12-20T19:35:14Z, success, 3.1415926535897
2024-12-21T19:35:14Z, success, 3.1415926535897
2024-12-22T19:35:14Z, success, 3.1415926535897
2024-12-23T19:35:14Z, success, 3.1415926535897
2024-12-24T19:35:14Z, success, 3.1415926535897
2024-12-25T19:35:14Z, failed, 3.1415926535897
2024-12-26T19:35:14Z, failed, 0
2024-12-27T19:35:14Z, failed, 0
2024-12-28T19:35:14Z, failed, 0
2024-12-29T19:35:14Z, failed, 0
2024-12-30T19:35:14Z, failed, 0
2024-12-31T19:35:14Z, failed, 0
2025-01-01T19:35:14Z, failed, 0
2025-01-02T19:35:14Z, failed, 0
2025-01-03T19:35:14Z, failed, 0
2025-01-04T19:35:14Z, failed, 0
2025-01-05T19:35:14Z, failed, 0
2025-01-06T19:35:14Z, success, 3.1415926535897
2025-01-07T19:35:14Z, success, 3.1415926535897
2025-01-08T19:35:14Z, success, 3.1415926535897
2025-01-09T19:35:14Z, success, 3.1415926535897
2025-01-10T19:35:14Z, success, 3.1415926535897
2025-01-11T19:35:14Z, success, 3.1415926535897
2025-01-12T19:35:14Z, success, 3.1415926535897
2025-01-13T19:35:14Z, success, 3.1415926535897
2025-01-14T19:35:14Z, success, 3.1415926535897
2025-01-15T19:35:14Z, success, 3.1415926535897
2025-01-16T19:35:14Z, success, 3.1415926535897
2025-01-17T19:35:14Z, success, 3.1415926535897
2025-01-18T19:35:14Z, success, 3.1415926535897
2025-01-19T19:35:14Z, success, 3.1415926535897
2025-01-20T19:35:14Z, success, 3.1415926535897
2025-01-21T19:35:14Z, success, 3.1415926535897
2025-01-22T19:35:14Z, success, 3.1415926535897
2025-01-23T19:35:14Z, success, 3.1415926535897
2025-01-24T19:35:14Z, success, 3.1415926535897
2025-01-25T19:35:14Z, success, 3.1415926535897
2025-01-26T19:35:14Z, success, 3.1415926535897
2025-01-27T19:35:14Z, success, 3.1415926535897
2025-01-28T19:35:14Z, success, 3.1415926535897
2025-01-29T19:35:14Z, success, 3.1415926535897
2025-01-30T19:35:14Z, success, 3.1415926535897
2025-01-31T19:35:14Z, success, 3.1415926535897
2025-02-01T19:35:14Z, success, 3.1415926535897
2025-02-02T19:35:14Z, success, 3.1415926535897
2025-02-03T19:35:14Z, success, 3.1415926535897
2025-02-04T19:35:14Z, success, 3.1415926535897
2025-02-05T19:35:14Z, success, 3.1415926535897
2025-02-06T19:35:14Z, success, 3.1415926535897
2025-02-07T19:35:14Z, success, 3.1415926535897
2025-02-08T19:35:14Z, success, 3.1415926535897
2025-02-09T19:35:14Z, success, 3.1415926535897
2025-02-08T12:27:04Z, success, 1.0
2025-02-10T00:27:03Z, success, 1.0
2025-02-10T12:27:03Z, success, 1.0
2025-02-11T00:27:05Z, success, 1.0
2025-02-11T12:27:04Z, success, 1.0
2025-02-21T00:27:01Z, success, 1.0
2025-02-21T12:27:03Z, success, 1.0
2025-02-22T00:27:02Z, success, 1.0
2025-02-22T12:27:03Z, success, 1.0
2025-02-23T00:27:02Z, success, 1.0
2025-02-23T12:27:02Z, success, 1.0
2025-02-24T00:27:03Z, success, 1.0
2025-02-24T12:27:03Z, success, 1.0
2025-02-25T00:27:03Z, success, 1.0
2025-02-25T12:27:03Z, success, 1.0
2025-02-26T00:27:03Z, success, 1.0
2025-02-26T12:27:02Z, success, 1.0
2025-02-27T00:27:05Z, success, 1.0
2025-02-27T12:27:04Z, success, 1.0
2025-02-28T00:27:04Z, success, 1.0
2025-02-28T12:27:03Z, success, 1.0
2025-03-01T00:27:03Z, success, 1.0
2025-03-01T12:27:02Z, success, 1.0
2025-03-02T00:27:03Z, success, 1.0
2025-03-02T12:27:02Z, success, 1.0
2025-03-03T00:27:02Z, success, 1.0
2025-03-03T12:27:03Z, success, 1.0
2025-03-04T12:27:02Z, success, 1.0
2025-03-05T00:27:02Z, success, 1.0
2025-03-05T12:27:03Z, success, 1.0
2025-04-04T00:35:11Z, Status.FAILED, 2304
2025-04-04T12:22:03Z, failed, 2304
2025-04-04T23:50:00Z, success, 0
2025-04-04T23:55:00Z, success, 0
2025-04-05T00:00:00Z, success, 0
2025-04-05T00:05:00Z, Status.SUCCESS, 0
2025-04-05T00:20:00Z, success, 0
2025-04-05T00:25:00Z, success, 0
2025-04-05T00:30:00Z, success, 0
2025-04-05T00:40:00Z, success, 0
2025-04-05T00:45:00Z, success, 0
2025-04-05T00:50:00Z, success, 0
2025-04-05T00:55:00Z, success, 0
2025-04-05T01:29:50Z, success, 0
2025-04-05T01:40:00Z, Status.SUCCESS, 0
2025-04-05T01:45:00Z, Status.SUCCESS, 0
2025-04-05T01:54:50Z, success, 0
2025-04-05T02:05:00Z, success, 0
2025-04-05T02:10:00Z, Status.SUCCESS, 0
2025-04-05T02:24:50Z, success, 0
2025-04-05T02:35:00Z, success, 0
2025-04-05T02:44:50Z, success, 0
2025-04-05T02:50:00Z, success, 0
2025-04-05T03:05:10Z, success, 0
2025-04-05T03:24:50Z, success, 0
2025-04-05T03:30:00Z, Status.SUCCESS, 0
2025-04-05T03:35:00Z, Status.SUCCESS, 0
2025-04-05T03:40:00Z, Status.SUCCESS, 0
2025-04-05T03:45:00Z, success, 0
2025-04-05T03:50:10Z, Status.SUCCESS, 0
2025-04-05T03:55:10Z, Status.SUCCESS, 0
2025-04-05T04:00:10Z, Status.SUCCESS, 0
2025-04-05T04:05:10Z, Status.SUCCESS, 0
2025-04-05T04:15:00Z, success, 0
2025-04-05T04:20:00Z, Status.SUCCESS, 0
2025-04-05T04:30:00Z, success, 0
2025-04-05T04:35:00Z, Status.SUCCESS, 0
2025-04-05T04:45:00Z, Status.SUCCESS, 0
2025-04-05T04:50:10Z, success, 0
2025-04-05T04:55:00Z, success, 0
2025-04-05T05:00:00Z, success, 0
2025-04-05T05:05:10Z, success, 0
2025-04-05T05:10:00Z, Status.SUCCESS, 0
2025-04-05T05:15:00Z, success, 0
2025-04-05T05:20:00Z, success, 0
2025-04-05T05:30:00Z, Status.SUCCESS, 0
2025-04-05T05:40:00Z, success, 0
2025-04-05T05:45:00Z, success, 0
2025-04-05T05:50:00Z, Status.SUCCESS, 0
2025-04-05T05:55:00Z, success, 0
2025-04-05T06:00:00Z, success, 0
2025-04-05T06:05:20Z, Status.SUCCESS, 0
2025-04-05T06:10:00Z, Status.SUCCESS, 0
2025-04-05T06:15:00Z, Status.SUCCESS, 0
2025-04-05T06:20:00Z, Status.SUCCESS, 0
2025-04-05T06:25:00Z, success, 0
2025-04-05T06:30:00Z, success, 0
2025-04-05T06:55:00Z, Status.SUCCESS, 0
2025-04-05T07:00:10Z, Status.SUCCESS, 0
2025-04-05T07:05:10Z, success, 0
2025-04-05T07:15:00Z, Status.SUCCESS, 0
2025-04-05T07:25:00Z, success, 0
2025-04-05T07:30:00Z, Status.SUCCESS, 0
2025-04-05T07:35:00Z, success, 0
2025-04-05T07:40:00Z, success, 0
2025-04-05T07:50:00Z, success, 0
2025-04-05T07:55:00Z, Status.SUCCESS, 0
2025-04-05T08:00:00Z, Status.SUCCESS, 0
2025-04-05T08:05:00Z, success, 0
2025-04-05T08:10:00Z, success, 0
2025-04-05T08:15:00Z, success, 0
2025-04-05T08:20:20Z, success, 0
2025-04-05T08:25:00Z, Status.SUCCESS, 0
2025-04-05T08:35:00Z, success, 0
2025-04-05T08:40:10Z, Status.SUCCESS, 0
2025-04-05T08:45:00Z, Status.SUCCESS, 0
2025-04-05T09:00:00Z, success, 0
2025-04-05T09:05:00Z, success, 0
2025-04-05T09:10:00Z, success, 0
2025-04-05T09:30:00Z, success, 0
2025-04-05T09:35:00Z, success, 0
2025-04-05T09:50:00Z, success, 0
2025-04-05T09:55:00Z, success, 0
2025-04-05T10:00:00Z, success, 0
2025-04-05T10:05:10Z, success, 0
2025-04-05T10:15:00Z, success, 0
2025-04-05T10:20:10Z, success, 0
2025-04-05T10:25:00Z, success, 0
2025-04-05T10:30:00Z, success, 0
2025-04-05T10:35:00Z, success, 0
2025-04-05T10:40:00Z, success, 0
2025-04-05T10:45:00Z, success, 0
2025-04-05T11:00:00Z, success, 0
2025-04-05T11:05:00Z, success, 0
2025-04-05T11:10:00Z, success, 0
2025-04-05T11:15:00Z, success, 0
2025-04-05T11:20:00Z, success, 0
2025-04-05T11:30:00Z, success, 0
2025-04-05T11:50:00Z, success, 0
2025-04-05T12:45:00Z, success, 0
2025-04-05T12:50:00Z, success, 0
2025-04-05T13:50:20Z, success, 0
2025-04-05T14:00:00Z, success, 0
2025-04-05T14:05:00Z, success, 0
2025-04-05T14:10:00Z, success, 0
2025-04-05T14:30:10Z, success, 0
2025-04-05T14:35:00Z, success, 0
2025-04-05T14:40:00Z, success, 0
2025-04-05T14:45:00Z, success, 0
2025-04-05T15:00:00Z, success, 0
2025-04-05T15:05:00Z, success, 0
2025-04-05T15:10:00Z, success, 0
2025-04-05T15:20:00Z, success, 0
2025-04-05T15:30:00Z, success, 0
2025-04-05T15:50:00Z, success, 0
2025-04-05T15:54:50Z, success, 0
2025-04-05T16:00:00Z, success, 0
2025-04-05T16:10:00Z, success, 0
2025-04-05T16:20:00Z, success, 0
2025-04-05T16:25:00Z, success, 0
2025-04-05T16:30:00Z, success, 0
2025-04-05T16:40:00Z, success, 0
2025-04-05T16:45:00Z, success, 0
2025-04-05T16:50:20Z, success, 0
2025-04-05T16:54:50Z, success, 0
2025-04-05T17:05:00Z, success, 0
2025-04-05T17:10:00Z, success, 0
2025-04-05T17:14:50Z, success, 0
2025-04-05T17:20:00Z, success, 0
2025-04-05T17:24:50Z, success, 0
2025-04-05T17:45:00Z, success, 0
2025-04-05T17:50:00Z, success, 0
2025-04-05T17:54:50Z, success, 0
2025-04-05T18:00:00Z, success, 0
2025-04-05T18:25:00Z, success, 0
2025-04-05T18:30:00Z, success, 0
2025-04-05T18:35:00Z, success, 0
2025-04-05T18:40:00Z, success, 0
2025-04-05T18:45:00Z, success, 0
2025-04-05T18:50:00Z, success, 0
2025-04-05T18:55:00Z, success, 0
2025-04-05T19:00:00Z, success, 0
2025-04-05T19:10:00Z, success, 0
2025-04-05T19:15:00Z, success, 0
2025-04-05T19:30:00Z, success, 0
2025-04-05T19:35:00Z, success, 0
2025-04-05T19:39:50Z, success, 0
2025-04-05T19:45:00Z, success, 0
2025-04-05T19:50:00Z, success, 0
2025-04-05T20:05:00Z, success, 0
2025-04-05T20:14:50Z, success, 0
2025-04-05T20:30:00Z, success, 0
2025-04-05T20:34:50Z, success, 0
2025-04-05T20:44:50Z, success, 0
2025-04-05T20:49:50Z, success, 0
2025-04-05T20:55:00Z, success, 0
2025-04-05T21:10:00Z, success, 0
2025-04-05T21:25:00Z, success, 0
2025-04-05T21:30:00Z, success, 0
2025-04-05T21:35:00Z, success, 0
2025-04-05T21:39:50Z, success, 0
2025-04-05T21:45:00Z, success, 0
2025-04-05T21:50:00Z, success, 0
2025-04-05T21:55:00Z, success, 0
2025-04-05T22:00:00Z, success, 0
2025-04-05T22:05:00Z, success, 0
2025-04-05T22:10:00Z, success, 0
2025-04-05T22:20:00Z, success, 0
2025-04-05T22:25:00Z, success, 0
2025-04-05T22:34:50Z, success, 0
2025-04-05T22:40:00Z, success, 0
2025-04-05T22:50:10Z, success, 0
2025-04-05T22:59:50Z, success, 0
2025-04-05T23:05:00Z, success, 0
2025-04-05T23:10:00Z, success, 0
2025-04-05T23:19:50Z, success, 0
2025-04-05T23:34:50Z, success, 0
2025-04-05T23:40:00Z, success, 0
2025-04-05T23:54:50Z, success, 0
2025-04-06T00:15:00Z, success, 0
2025-04-06T00:19:50Z, success, 0
2025-04-06T00:35:00Z, success, 0
2025-04-06T00:40:00Z, success, 0
2025-04-06T00:59:50Z, success, 0
2025-04-06T01:05:00Z, success, 0
2025-04-06T01:10:00Z, success, 0
2025-04-06T01:14:50Z, success, 0
2025-04-06T01:50:00Z, success, 0
2025-04-06T01:55:00Z, success, 0
2025-04-06T02:20:00Z, success, 0
2025-04-06T02:25:00Z, success, 0
2025-04-06T02:30:00Z, success, 0
2025-04-06T02:40:00Z, success, 0
2025-04-06T02:50:00Z, success, 0
2025-04-06T02:55:00Z, success, 0
